"../../../Engine/Content/Functions/Engine_MaterialFunctions01/Opacity/CameraDepthFade.uasset" 0
"../../../Engine/Content/EngineMaterials/T_Default_Material_Grid_M.uasset" 1
"../../../Engine/Content/EngineMaterials/T_Default_Material_Grid_N.uasset" 2
"../../../Engine/Content/EngineMaterials/WorldGridMaterial.uasset" 3
"../../../Engine/Content/ArtTools/RenderToTexture/Meshes/S_1_Unit_Plane.uasset" 4
"../../../Engine/Content/EngineMaterials/DefaultMaterial.uasset" 5
"../../../Engine/Content/BasicShapes/Cone.uasset" 6
"../../../Engine/Content/BasicShapes/Cube.uasset" 7
"../../../Engine/Content/BasicShapes/Plane.uasset" 8
"../../../Engine/Content/BasicShapes/Sphere.uasset" 9
"../../../Engine/Content/EngineMaterials/DefaultPhysicalMaterial.uasset" 10
"../../../Engine/Content/BufferVisualization/AmbientOcclusion.uasset" 11
"../../../Engine/Content/BufferVisualization/BaseColor.uasset" 12
"../../../Engine/Content/BufferVisualization/CustomDepth.uasset" 13
"../../../Engine/Content/Functions/Engine_MaterialFunctions02/Utility/VectorLength.uasset" 14
"../../../Engine/Content/BufferVisualization/CustomDepthWorldUnits.uasset" 15
"../../../Engine/Content/Functions/Engine_MaterialFunctions02/Utility/BreakOutFloat2Components.uasset" 16
"../../../Engine/Content/Functions/Engine_MaterialFunctions01/Texturing/ScaleUVsByCenter.uasset" 17
"../../../Engine/Content/Functions/Engine_MaterialFunctions02/ScreenResolution.uasset" 18
"../../../Engine/Content/Functions/Engine_MaterialFunctions02/Texturing/ScreenAlignedUVs.uasset" 19
"../../../Engine/Content/Functions/Engine_MaterialFunctions02/Utility/MakeFloat2.uasset" 20
"../../../Engine/Content/Functions/Engine_MaterialFunctions02/Utility/MakeFloat3.uasset" 21
"../../../Engine/Content/EngineMaterials/MiniFont.uasset" 22
"../../../Engine/Content/BufferVisualization/CustomStencil.uasset" 23
"../../../Engine/Content/BufferVisualization/FinalImage.uasset" 24
"../../../Engine/Content/BufferVisualization/LightingModel.uasset" 25
"../../../Engine/Content/BufferVisualization/MaterialAO.uasset" 26
"../../../Engine/Content/BufferVisualization/Metallic.uasset" 27
"../../../Engine/Content/BufferVisualization/Opacity.uasset" 28
"../../../Engine/Content/BufferVisualization/PostTonemapHDRColor.uasset" 29
"../../../Engine/Content/BufferVisualization/PreTonemapHDRColor.uasset" 30
"../../../Engine/Content/BufferVisualization/Roughness.uasset" 31
"../../../Engine/Content/BufferVisualization/SceneColor.uasset" 32
"../../../Engine/Content/BufferVisualization/SceneDepth.uasset" 33
"../../../Engine/Content/BufferVisualization/SceneDepthWorldUnits.uasset" 34
"../../../Engine/Content/BufferVisualization/SeparateTranslucencyA.uasset" 35
"../../../Engine/Content/BufferVisualization/SeparateTranslucencyRGB.uasset" 36
"../../../Engine/Content/BufferVisualization/Specular.uasset" 37
"../../../Engine/Content/BufferVisualization/SubsurfaceColor.uasset" 38
"../../../Engine/Content/BufferVisualization/Velocity.uasset" 39
"../../../Engine/Content/BufferVisualization/WorldNormal.uasset" 40
"../../../Engine/Content/EditorLandscapeResources/DataLayer.uasset" 41
"../../../Engine/Content/EditorLandscapeResources/DefaultAlphaTexture.uasset" 42
"../../../Engine/Content/EditorLandscapeResources/LandscapeGizmoHeight_Mat.uasset" 43
"../../../Engine/Content/EditorLandscapeResources/LandscapeGizmo_Mat.uasset" 44
"../../../Engine/Content/EditorLandscapeResources/LandscapeGizmo_Mat_Copied.uasset" 45
"../../../Engine/Content/EditorLandscapeResources/SplineEditorMeshMat.uasset" 46
"../../../Engine/Content/EditorLandscapeResources/SplineEditorMesh.uasset" 47
"../../../Engine/Content/EditorMaterials/Cross.uasset" 48
"../../../Engine/Content/EditorMaterials/Cross_Mat.uasset" 49
"../../../Engine/Content/EngineMaterials/DefaultDiffuse.uasset" 50
"../../../Engine/Content/Functions/Engine_MaterialFunctions01/Texturing/TextureCropping.uasset" 51
"../../../Engine/Content/Functions/Engine_MaterialFunctions01/Texturing/ComputeMipLevel.uasset" 52
"../../../Engine/Content/Functions/Engine_MaterialFunctions02/ExampleContent/DebugNumberStrip.uasset" 53
"../../../Engine/Content/Functions/Engine_MaterialFunctions02/ExampleContent/Textures/DebugNumberPeriod.uasset" 54
"../../../Engine/Content/Functions/Engine_MaterialFunctions02/Utility/DebugScalarValues.uasset" 55
"../../../Engine/Content/Functions/Engine_MaterialFunctions02/Utility/DebugFloat2Values.uasset" 56
"../../../Engine/Content/Functions/Engine_MaterialFunctions02/ExampleContent/Textures/flipbook.uasset" 57
"../../../Engine/Content/Functions/Engine_MaterialFunctions02/Texturing/FlipBook.uasset" 58
"../../../Engine/Content/Functions/Engine_MaterialFunctions02/Utility/Sign.uasset" 59
"../../../Engine/Content/Functions/Engine_MaterialFunctions02/Utility/Round.uasset" 60
"../../../Engine/Content/EditorResources/T_EditorHelp.uasset" 61
"../../../Engine/Content/EditorMaterials/HelpActorMaterial.uasset" 62
"../../../Engine/Content/EditorMaterials/CompositeARGBLayer.uasset" 63
"../../../Engine/Content/EditorMaterials/TilingAALineIntegral.uasset" 64
"../../../Engine/Content/EditorMaterials/TilingAALineBoxFiltered.uasset" 65
"../../../Engine/Content/Functions/Engine_MaterialFunctions03/Procedurals/ComputeFilterWidth.uasset" 66
"../../../Engine/Content/EditorMaterials/TilingAADots.uasset" 67
"../../../Engine/Content/EngineMaterials/BlendFunc_DefBase.uasset" 68
"../../../Engine/Content/EngineMaterials/BlendFunc_DefBlend.uasset" 69
"../../../Engine/Content/Functions/Engine_MaterialFunctions03/Blends/Blend_Screen.uasset" 70
"../../../Engine/Content/EditorMaterials/TilingAAGrid.uasset" 71
"../../../Engine/Content/EditorMaterials/LevelGridMaterial.uasset" 72
"../../../Engine/Content/EditorMaterials/MakeCompositeARGBLayer.uasset" 73
"../../../Engine/Content/EditorResources/LevelGrid1DStripes.uasset" 74
"../../../Engine/Content/EditorMaterials/TextureGridCascaded1D.uasset" 75
"../../../Engine/Content/EditorMaterials/TextureGridCascaded2D.uasset" 76
"../../../Engine/Content/EditorMaterials/LevelGridMaterial2.uasset" 77
"../../../Engine/Content/EditorMaterials/MAT_Groups_Toggle.uasset" 78
"../../../Engine/Content/EditorMaterials/MAT_Groups_Visibility.uasset" 79
"../../../Engine/Content/EditorMaterials/PhAT_BoneSelectedMaterial.uasset" 80
"../../../Engine/Content/EditorMaterials/PhAT_ElemSelectedMaterial.uasset" 81
"../../../Engine/Content/EditorMaterials/PhAT_NoCollisionMaterial.uasset" 82
"../../../Engine/Content/EditorMaterials/PhAT_UnselectedMaterial.uasset" 83
"../../../Engine/Content/EditorMaterials/PreviewShadowIndicator.uasset" 84
"../../../Engine/Content/EditorMaterials/PreviewShadowIndicatorMaterial.uasset" 85
"../../../Engine/Content/EditorMaterials/TargetIcon.uasset" 86
"../../../Engine/Content/EditorMaterials/Tick.uasset" 87
"../../../Engine/Content/EditorMaterials/Tick_Mat.uasset" 88
"../../../Engine/Content/EditorMaterials/WidgetGridVertexColorMaterial.uasset" 89
"../../../Engine/Content/EditorMaterials/WidgetGridVertexColorMaterial_Ma.uasset" 90
"../../../Engine/Content/EditorMaterials/WidgetMaterial.uasset" 91
"../../../Engine/Content/EditorMaterials/WidgetMaterial_Current.uasset" 92
"../../../Engine/Content/EditorMaterials/WidgetMaterial_X.uasset" 93
"../../../Engine/Content/EditorMaterials/WidgetMaterial_Y.uasset" 94
"../../../Engine/Content/EditorMaterials/WidgetMaterial_Z.uasset" 95
"../../../Engine/Content/EditorMaterials/WidgetVertexColorMaterial.uasset" 96
"../../../Engine/Content/EditorMaterials/MatineeGroups/MAT_ColorTrack.uasset" 97
"../../../Engine/Content/EditorMaterials/MatineeGroups/MAT_Groups_Anim.uasset" 98
"../../../Engine/Content/EditorMaterials/MatineeGroups/MAT_Groups_AudioMaster.uasset" 99
"../../../Engine/Content/EditorMaterials/MatineeGroups/MAT_Groups_Director.uasset" 100
"../../../Engine/Content/EditorMaterials/MatineeGroups/MAT_Groups_Event.uasset" 101
"../../../Engine/Content/EditorMaterials/MatineeGroups/MAT_Groups_Fade.uasset" 102
"../../../Engine/Content/EditorMaterials/MatineeGroups/MAT_Groups_Float.uasset" 103
"../../../Engine/Content/EditorMaterials/MatineeGroups/MAT_Groups_Move.uasset" 104
"../../../Engine/Content/EditorMaterials/MatineeGroups/MAT_Groups_Slomo.uasset" 105
"../../../Engine/Content/EditorMaterials/MatineeGroups/MAT_Groups_Sound.uasset" 106
"../../../Engine/Content/EditorMaterials/MatineeGroups/MAT_Groups_Vector.uasset" 107
"../../../Engine/Content/EditorMaterials/ParticleSystems/PSysThumbnail_NoImage.uasset" 108
"../../../Engine/Content/EditorMaterials/ParticleSystems/PSysThumbnail_OOD.uasset" 109
"../../../Engine/Content/EngineMaterials/Grid.uasset" 110
"../../../Engine/Content/EditorMaterials/Thumbnails/FloorPlaneMaterial.uasset" 111
"../../../Engine/Content/EditorMeshes/EditorCube.uasset" 112
"../../../Engine/Content/EditorMeshes/EditorCylinder.uasset" 113
"../../../Engine/Content/EditorMeshes/EditorPlane.uasset" 114
"../../../Engine/Content/EditorMaterials/Thumbnails/SkySphereMaterial.uasset" 115
"../../../Engine/Content/EditorMeshes/EditorSkySphere.uasset" 116
"../../../Engine/Content/EditorMeshes/EditorSphere.uasset" 117
"../../../Engine/Content/EditorResources/MatineeCam_D.uasset" 118
"../../../Engine/Content/EditorMaterials/MatineeCam_mat.uasset" 119
"../../../Engine/Content/EditorMeshes/MatineeCam_SM.uasset" 120
"../../../Engine/Content/EditorMeshes/PlanarReflectionPlane.uasset" 121
"../../../Engine/Content/EditorMaterials/Camera/CineMat.uasset" 122
"../../../Engine/Content/EditorMaterials/Camera/MI_CineMat_CameraBody.uasset" 123
"../../../Engine/Content/EngineDebugMaterials/M_SimpleOpaque.uasset" 124
"../../../Engine/Content/EditorMaterials/Camera/MI_CineMat_CamViewFinder.uasset" 125
"../../../Engine/Content/EditorMeshes/Camera/SM_CineCam.uasset" 126
"../../../Engine/Content/EditorMaterials/Camera/MI_CineMat_Rig.uasset" 127
"../../../Engine/Content/EditorMeshes/Camera/SM_CraneRig_Arm.uasset" 128
"../../../Engine/Content/EditorMeshes/Camera/SM_CraneRig_Base.uasset" 129
"../../../Engine/Content/EditorMeshes/Camera/SM_CraneRig_Body.uasset" 130
"../../../Engine/Content/EditorMeshes/Camera/SM_CraneRig_Mount.uasset" 131
"../../../Engine/Content/EditorMeshes/Camera/SM_RailRig_Mount.uasset" 132
"../../../Engine/Content/EditorMeshes/Camera/SM_RailRig_Track.uasset" 133
"../../../Engine/Content/EditorMeshes/ColorCalibrator/M_ChromeBall.uasset" 134
"../../../Engine/Content/EditorResources/Bad.uasset" 135
"../../../Engine/Content/EditorResources/BSPVertex.uasset" 136
"../../../Engine/Content/EditorResources/EmptyActor.uasset" 137
"../../../Engine/Content/EditorResources/MatInstActSprite.uasset" 138
"../../../Engine/Content/EditorResources/SceneManager.uasset" 139
"../../../Engine/Content/EditorResources/SmallFont.uasset" 140
"../../../Engine/Content/EditorResources/S_Actor.uasset" 141
"../../../Engine/Content/EditorResources/S_DecalActorIcon.uasset" 142
"../../../Engine/Content/EditorResources/S_Emitter.uasset" 143
"../../../Engine/Content/EditorResources/S_ExpoHeightFog.uasset" 144
"../../../Engine/Content/EditorResources/S_FTest.uasset" 145
"../../../Engine/Content/EditorResources/S_KBSJoint.uasset" 146
"../../../Engine/Content/EditorResources/S_KHinge.uasset" 147
"../../../Engine/Content/EditorResources/S_KPrismatic.uasset" 148
"../../../Engine/Content/EditorResources/S_LevelSequence.uasset" 149
"../../../Engine/Content/EditorResources/S_NavP.uasset" 150
"../../../Engine/Content/EditorResources/S_Note.uasset" 151
"../../../Engine/Content/EditorResources/S_Player.uasset" 152
"../../../Engine/Content/EditorResources/S_PortalActorIcon2.uasset" 153
"../../../Engine/Content/EditorResources/S_RadForce.uasset" 154
"../../../Engine/Content/EditorResources/S_ReflActorIcon.uasset" 155
"../../../Engine/Content/EditorResources/S_SkyAtmosphere.uasset" 156
"../../../Engine/Content/EditorResources/S_Solver.uasset" 157
"../../../Engine/Content/EditorResources/S_Terrain.uasset" 158
"../../../Engine/Content/EditorResources/S_TextRenderActorIcon.uasset" 159
"../../../Engine/Content/EditorResources/S_Thruster.uasset" 160
"../../../Engine/Content/EditorResources/S_Trigger.uasset" 161
"../../../Engine/Content/EditorResources/S_VectorFieldVol.uasset" 162
"../../../Engine/Content/EditorResources/S_WindDirectional.uasset" 163
"../../../Engine/Content/EditorResources/AI/S_NavLink.uasset" 164
"../../../Engine/Content/EditorResources/LightIcons/SkyLight.uasset" 165
"../../../Engine/Content/EditorResources/LightIcons/S_LightDirectional.uasset" 166
"../../../Engine/Content/EditorResources/LightIcons/S_LightDirectionalMove.uasset" 167
"../../../Engine/Content/EditorResources/LightIcons/S_LightError.uasset" 168
"../../../Engine/Content/EditorResources/LightIcons/S_LightPoint.uasset" 169
"../../../Engine/Content/EditorResources/LightIcons/S_LightPointMove.uasset" 170
"../../../Engine/Content/EditorResources/LightIcons/S_LightSpot.uasset" 171
"../../../Engine/Content/EditorResources/LightIcons/S_LightSpotMove.uasset" 172
"../../../Engine/Content/EditorResources/SequenceRecorder/Countdown.uasset" 173
"../../../Engine/Content/EditorResources/SequenceRecorder/RecordingIndicator.uasset" 174
"../../../Engine/Content/EditorResources/Spline/T_Loft_Spline.uasset" 175
"../../../Engine/Content/EditorSounds/Notifications/CompileFailed.uasset" 176
"../../../Engine/Content/EditorSounds/Notifications/CompileFailed_Cue.uasset" 177
"../../../Engine/Content/EditorSounds/Notifications/CompileSuccess.uasset" 178
"../../../Engine/Content/EditorSounds/Notifications/CompileStart_Cue.uasset" 179
"../../../Engine/Content/EditorSounds/Notifications/CompileSuccess_Cue.uasset" 180
"../../../Engine/Content/EngineDamageTypes/DmgTypeBP_Environmental.uasset" 181
"../../../Engine/Content/EngineDebugMaterials/HeatmapGradient.uasset" 182
"../../../Engine/Content/EngineDebugMaterials/BoneWeightMaterial.uasset" 183
"../../../Engine/Content/EngineDebugMaterials/ClothMaterial.uasset" 184
"../../../Engine/Content/EngineDebugMaterials/ClothMaterial_WF.uasset" 185
"../../../Engine/Content/EngineDebugMaterials/DebugEditorMaterial.uasset" 186
"../../../Engine/Content/EngineDebugMaterials/DebugMeshMaterial.uasset" 187
"../../../Engine/Content/EngineDebugMaterials/GeomMaterial.uasset" 188
"../../../Engine/Content/Functions/Engine_MaterialFunctions01/Shading/ConvertFromDiffSpec.uasset" 189
"../../../Engine/Content/EngineDebugMaterials/LevelColorationLitMaterial.uasset" 190
"../../../Engine/Content/EngineDebugMaterials/LevelColorationUnlitMaterial.uasset" 191
"../../../Engine/Content/EngineMaterials/DefaultWhiteGrid.uasset" 192
"../../../Engine/Content/EngineDebugMaterials/MAT_LevelColorationLitLightmapUV.uasset" 193
"../../../Engine/Content/EngineDebugMaterials/M_SimpleTranslucent.uasset" 194
"../../../Engine/Content/Functions/Engine_MaterialFunctions02/Utility/CameraDirectionVector.uasset" 195
"../../../Engine/Content/EngineDebugMaterials/VolumeToRender.uasset" 196
"../../../Engine/Content/EngineDebugMaterials/M_VolumeRenderSphereTracePP.uasset" 197
"../../../Engine/Content/EngineDebugMaterials/ShadedLevelColorationLitMaterial.uasset" 198
"../../../Engine/Content/EngineDebugMaterials/ShadedLevelColorationUnlitMateri.uasset" 199
"../../../Engine/Content/EngineDebugMaterials/VertexColorMaterial.uasset" 200
"../../../Engine/Content/EngineDebugMaterials/VertexColorViewMode_AlphaAsColor.uasset" 201
"../../../Engine/Content/EngineDebugMaterials/VertexColorViewMode_BlueOnly.uasset" 202
"../../../Engine/Content/EngineDebugMaterials/VertexColorViewMode_ColorOnly.uasset" 203
"../../../Engine/Content/EngineDebugMaterials/VertexColorViewMode_GreenOnly.uasset" 204
"../../../Engine/Content/EngineDebugMaterials/VertexColorViewMode_RedOnly.uasset" 205
"../../../Engine/Content/EngineDebugMaterials/WireframeMaterial.uasset" 206
"../../../Engine/Content/EngineFonts/Faces/DroidSansFallback.uasset" 207
"../../../Engine/Content/EngineFonts/Faces/RobotoBold.uasset" 208
"../../../Engine/Content/EngineFonts/Faces/RobotoBoldItalic.uasset" 209
"../../../Engine/Content/EngineFonts/Faces/RobotoItalic.uasset" 210
"../../../Engine/Content/EngineFonts/Faces/RobotoLight.uasset" 211
"../../../Engine/Content/EngineFonts/Faces/RobotoRegular.uasset" 212
"../../../Engine/Content/EngineFonts/Roboto.uasset" 213
"../../../Engine/Content/EngineFonts/Faces/RobotoTiny.uasset" 214
"../../../Engine/Content/EngineFonts/RobotoTiny.uasset" 215
"../../../Engine/Content/EngineFonts/SmallFont.uasset" 216
"../../../Engine/Content/EngineFonts/TinyFont.uasset" 217
"../../../Engine/Content/EngineMaterials/BaseFlattenDiffuseMap.uasset" 218
"../../../Engine/Content/EngineMaterials/BaseFlattenEmissiveMap.uasset" 219
"../../../Engine/Content/EngineMaterials/BaseFlattenGrayscaleMap.uasset" 220
"../../../Engine/Content/EngineMaterials/BaseFlattenNormalMap.uasset" 221
"../../../Engine/Content/EngineMaterials/BaseFlattenMaterial.uasset" 222
"../../../Engine/Content/EngineResources/WhiteSquareTexture.uasset" 223
"../../../Engine/Content/EngineMaterials/BlinkingCaret.uasset" 224
"../../../Engine/Content/EngineMaterials/BlueNoise.uasset" 225
"../../../Engine/Content/EngineMaterials/DefaultBloomKernel.uasset" 226
"../../../Engine/Content/EngineMaterials/DefaultBokeh.uasset" 227
"../../../Engine/Content/EngineMaterials/DefaultDeferredDecalMaterial.uasset" 228
"../../../Engine/Content/EngineMaterials/DefaultLightFunctionMaterial.uasset" 229
"../../../Engine/Content/EngineMaterials/DefaultNormal.uasset" 230
"../../../Engine/Content/EngineMaterials/DefaultPostProcessMaterial.uasset" 231
"../../../Engine/Content/EngineFonts/RobotoDistanceField.uasset" 232
"../../../Engine/Content/EngineMaterials/DefaultTextMaterialOpaque.uasset" 233
"../../../Engine/Content/EngineMaterials/DefaultVirtualTextureMaterial.uasset" 234
"../../../Engine/Content/EngineMaterials/EditorBrushMaterial.uasset" 235
"../../../Engine/Content/EngineMaterials/DefaultWhiteGrid_Low.uasset" 236
"../../../Engine/Content/EngineMaterials/EmissiveMeshMaterial.uasset" 237
"../../../Engine/Content/EngineMaterials/GizmoMaterial.uasset" 238
"../../../Engine/Content/EngineMaterials/Good64x64TilingNoiseHighFreq.uasset" 239
"../../../Engine/Content/EngineMaterials/Grid_N.uasset" 240
"../../../Engine/Content/EngineMaterials/HairColorMap.uasset" 241
"../../../Engine/Content/EngineMaterials/HairDebugColor.uasset" 242
"../../../Engine/Content/EngineMaterials/HairDebugMaterial.uasset" 243
"../../../Engine/Content/EngineMaterials/HairDefaultMaterial.uasset" 244
"../../../Engine/Content/EngineMaterials/HighResolutionScreenshotMaskFunction.uasset" 245
"../../../Engine/Content/EngineMaterials/HighResScreenshot.uasset" 246
"../../../Engine/Content/EngineMaterials/HighResScreenshotCaptureRegion.uasset" 247
"../../../Engine/Content/EngineMaterials/HighResScreenshotMask.uasset" 248
"../../../Engine/Content/EngineMaterials/LandscapeHolePhysicalMaterial.uasset" 249
"../../../Engine/Content/EngineMaterials/InvalidLightmapSettings.uasset" 250
"../../../Engine/Content/EngineMaterials/M_InvalidLightmapSettings.uasset" 251
"../../../Engine/Content/EngineMaterials/PaperDiffuse.uasset" 252
"../../../Engine/Content/EngineMaterials/PaperNormal.uasset" 253
"../../../Engine/Content/Functions/Engine_MaterialFunctions02/WorldPositionOffset/CameraOffset.uasset" 254
"../../../Engine/Content/EngineMaterials/PhAT_JointLimitMaterial.uasset" 255
"../../../Engine/Content/EngineMaterials/PhysMat_Rubber.uasset" 256
"../../../Engine/Content/EngineMaterials/PreintegratedSkinBRDF.uasset" 257
"../../../Engine/Content/EngineMaterials/RemoveSurfaceMaterial.uasset" 258
"../../../Engine/Content/EngineMaterials/WeightMapPlaceholderTexture.uasset" 259
"../../../Engine/Content/Functions/Engine_MaterialFunctions01/ImageAdjustment/sRGBToLinear.uasset" 260
"../../../Engine/Content/Functions/Engine_MaterialFunctions02/Utility/BreakOutFloat3Components.uasset" 261
"../../../Engine/Content/EngineMaterials/Widget3DCameraPassThrough_Opaque_OneSided.uasset" 262
"../../../Engine/Content/EngineMaterials/Widget3DPassThrough.uasset" 263
"../../../Engine/Content/EngineMaterials/Widget3DPassThrough_Masked.uasset" 264
"../../../Engine/Content/EngineMaterials/Widget3DPassThrough_Opaque.uasset" 265
"../../../Engine/Content/EngineMaterials/Widget3DPassThrough_Masked_OneSided.uasset" 266
"../../../Engine/Content/EngineMaterials/Widget3DPassThrough_Opaque_OneSided.uasset" 267
"../../../Engine/Content/EngineMaterials/Widget3DPassThrough_Translucent.uasset" 268
"../../../Engine/Content/EngineMaterials/Widget3DPassThrough_Translucent_OneSided.uasset" 269
"../../../Engine/Content/EngineMeshes/Cylinder.uasset" 270
"../../../Engine/Content/EngineMeshes/Sphere.uasset" 271
"../../../Engine/Content/EngineResources/Black.uasset" 272
"../../../Engine/Content/EngineResources/DefaultTexture.uasset" 273
"../../../Engine/Content/EngineResources/DefaultTextureCube.uasset" 274
"../../../Engine/Content/EngineResources/DefaultVolumeTexture2D.uasset" 275
"../../../Engine/Content/EngineResources/DefaultVolumeTexture.uasset" 276
"../../../Engine/Content/EngineResources/GradientTexture0.uasset" 277
"../../../Engine/Content/EngineResources/StreamingPauseIcon.uasset" 278
"../../../Engine/Content/EngineResources/M_StreamingPause.uasset" 279
"../../../Engine/Content/EngineSounds/Master.uasset" 280
"../../../Engine/Content/Functions/Engine_MaterialFunctions01/Shading/PowerToRoughness.uasset" 281
"../../../Engine/Content/Maps/Templates/Thumbnails/Default.uasset" 282
"../../../Engine/Content/Maps/Templates/Thumbnails/TimeOfDay.uasset" 283
"../../../Engine/Content/Maps/Templates/Thumbnails/VR-Basic.uasset" 284
"../../../Engine/Content/MapTemplates/Sky/DaylightAmbientCubemap.uasset" 285
"../../../Engine/Content/MobileResources/T_MobileControls_texture.uasset" 286
"../../../Engine/Content/MobileResources/T_MobileMenu2.uasset" 287
"../../../Engine/Content/MobileResources/HUD/AnalogHat.uasset" 288
"../../../Engine/Content/MobileResources/HUD/VirtualJoystick_Background.uasset" 289
"../../../Engine/Content/MobileResources/HUD/VirtualJoystick_Thumb.uasset" 290
"../../../Engine/Content/MobileResources/HUD/DefaultVirtualJoysticks.uasset" 291
"../../../Engine/Content/MobileResources/HUD/LeftVirtualJoystickOnly.uasset" 292
"../../../Engine/Content/MobileResources/HUD/MobileHUDButton1_off.uasset" 293
"../../../Engine/Content/MobileResources/HUD/MobileHUDButton1_on.uasset" 294
"../../../Engine/Content/MobileResources/HUD/MobileHUDButton2_off.uasset" 295
"../../../Engine/Content/MobileResources/HUD/MobileHUDButton2_on.uasset" 296
"../../../Engine/Content/MobileResources/HUD/MobileHUDButton3.uasset" 297
"../../../Engine/Content/MobileResources/HUD/MobileHUDButtonFire.uasset" 298
"../../../Engine/Content/MobileResources/HUD/MobileHUDDirectionPad.uasset" 299
"../../../Engine/Content/MobileResources/HUD/MobileHUDDirectionPad2.uasset" 300
"../../../Engine/Content/MobileResources/HUD/MobileHUDDirectionPad3.uasset" 301
"../../../Engine/Content/MobileResources/HUD/MobileHUDDirectionStick.uasset" 302
"../../../Engine/Content/MobileResources/HUD/T_Castle_ThumbstickInner.uasset" 303
"../../../Engine/Content/MobileResources/HUD/T_Castle_ThumbstickOutter.uasset" 304
"../../../Engine/Content/Tutorial/ContentIntroCurve.uasset" 305
"../../../Engine/Content/Tutorial/Basics/LevelEditorAttract.uasset" 306
"../../../Engine/Content/Tutorial/Basics/TutorialAssets/icon_tab_Levels_40x.uasset" 307
"../../../Engine/Content/Tutorial/Basics/LevelEditorOverview.uasset" 308
"../../../Engine/Content/Tutorial/BlueprintTutorials/TutorialAssets/Blueprint_64x.uasset" 309
"../../../Engine/Content/Tutorial/BlueprintTutorials/BlueprintEditorTutorial.uasset" 310
"../../../Engine/Content/Tutorial/Installation/InstallingVisualStudioTutorial.uasset" 311
"../../../Engine/Content/VREditor/LaserPointer/VR_LaserPower_01.uasset" 312
"../../../Engine/Content/VREditor/TransformGizmo/TransformGizmoMaterial.uasset" 313
"../../../Engine/Content/VREditor/TransformGizmo/TranslucentTransformGizmoMaterial.uasset" 314
"../../../Engine/Content/VREditor/TransformGizmo/BoundingBoxCorner.uasset" 315
"../../../Engine/Content/VREditor/TransformGizmo/BoundingBoxEdge.uasset" 316
"../../../Engine/Content/VREditor/TransformGizmo/PlaneTranslationHandle.uasset" 317
"../../../Engine/Content/VREditor/TransformGizmo/Main.uasset" 318
"../../../Engine/Content/VREditor/TransformGizmo/Xray.uasset" 319
"../../../Engine/Content/VREditor/TransformGizmo/SM_Sequencer_Key.uasset" 320
"../../../Engine/Content/VREditor/TransformGizmo/SM_Sequencer_Node.uasset" 321
"D:/Documentos/Universidad/PLD/Pavilion/Content/Blueprints/GamePlayMode/Clases.uasset" 322
"D:/Documentos/Universidad/PLD/Pavilion/Content/Iconos/Perfil/lightning-shield.uasset" 323
"D:/Documentos/Universidad/PLD/Pavilion/Content/Blueprints/Global/InfoJugador.uasset" 324
"../../../Engine/Content/EditorBlueprintResources/StandardMacros.uasset" 325
"D:/Documentos/Universidad/PLD/Pavilion/Content/Animations/Mannequin/Mesh/UE4_Mannequin_Skeleton.uasset" 326
"D:/Documentos/Universidad/PLD/Pavilion/Content/Animations/Death_1.uasset" 327
"D:/Documentos/Universidad/PLD/Pavilion/Content/Animations/Fire_Rifle_Ironsights.uasset" 328
"D:/Documentos/Universidad/PLD/Pavilion/Content/Animations/Jump_From_Stand.uasset" 329
"D:/Documentos/Universidad/PLD/Pavilion/Content/Animations/Reload_Rifle_Hip.uasset" 330
"D:/Documentos/Universidad/PLD/Pavilion/Content/Animations/Idle_Rifle_Hip.uasset" 331
"D:/Documentos/Universidad/PLD/Pavilion/Content/Animations/Jog_Fwd_Rifle.uasset" 332
"D:/Documentos/Universidad/PLD/Pavilion/Content/Animations/BS_Jog.uasset" 333
"D:/Documentos/Universidad/PLD/Pavilion/Content/Blueprints/GamePlayMode/EstadosPersonaje.uasset" 334
"D:/Documentos/Universidad/PLD/Pavilion/Content/Animations/BPPersonajeBaseAnim.uasset" 335
"D:/Documentos/Universidad/PLD/Pavilion/Content/FPS_Assault_Pack/Textures/RU74/T_RU74_Body_ALB.uasset" 336
"D:/Documentos/Universidad/PLD/Pavilion/Content/FPS_Assault_Pack/Textures/RU74/T_RU74_Body_M_MSK.uasset" 337
"D:/Documentos/Universidad/PLD/Pavilion/Content/FPS_Assault_Pack/Textures/RU74/T_RU74_Body_NRM.uasset" 338
"D:/Documentos/Universidad/PLD/Pavilion/Content/FPS_Assault_Pack/Materials/RU74/M_RU74_Master.uasset" 339
"D:/Documentos/Universidad/PLD/Pavilion/Content/FPS_Assault_Pack/Textures/Rifle/T_Rifle_ALB.uasset" 340
"D:/Documentos/Universidad/PLD/Pavilion/Content/FPS_Assault_Pack/Textures/Rifle/T_Rifle_M_MSK.uasset" 341
"D:/Documentos/Universidad/PLD/Pavilion/Content/FPS_Assault_Pack/Textures/Rifle/T_Rifle_NRM.uasset" 342
"D:/Documentos/Universidad/PLD/Pavilion/Content/FPS_Assault_Pack/Materials/Rifle/M_Rifle.uasset" 343
"D:/Documentos/Universidad/PLD/Pavilion/Content/FPS_Assault_Pack/Textures/Rifle/T_Rifle_Carry_ALB.uasset" 344
"D:/Documentos/Universidad/PLD/Pavilion/Content/FPS_Assault_Pack/Textures/Rifle/T_Rifle_Carry_M_MSK.uasset" 345
"D:/Documentos/Universidad/PLD/Pavilion/Content/FPS_Assault_Pack/Textures/Rifle/T_Rifle_Carry_NRM.uasset" 346
"D:/Documentos/Universidad/PLD/Pavilion/Content/FPS_Assault_Pack/Materials/Rifle/M_Rifle_Carry.uasset" 347
"D:/Documentos/Universidad/PLD/Pavilion/Content/FPS_Assault_Pack/Textures/Rifle/T_Rifle_Furniture_ALB.uasset" 348
"D:/Documentos/Universidad/PLD/Pavilion/Content/FPS_Assault_Pack/Textures/Rifle/T_Rifle_Furniture_M_MSK.uasset" 349
"D:/Documentos/Universidad/PLD/Pavilion/Content/FPS_Assault_Pack/Textures/Rifle/T_Rifle_Furniture_NRM.uasset" 350
"D:/Documentos/Universidad/PLD/Pavilion/Content/FPS_Assault_Pack/Materials/Rifle/M_Rifle_Furniture.uasset" 351
"D:/Documentos/Universidad/PLD/Pavilion/Content/FPS_Assault_Pack/Meshes/Rifle/SK_Rifle_PhysicsAsset.uasset" 352
"D:/Documentos/Universidad/PLD/Pavilion/Content/FPS_Assault_Pack/Meshes/Rifle/SK_Rifle_Skeleton.uasset" 353
"D:/Documentos/Universidad/PLD/Pavilion/Content/FPS_Assault_Pack/Meshes/Rifle/SK_Rifle.uasset" 354
"D:/Documentos/Universidad/PLD/Pavilion/Content/Blueprints/GamePlayMode/Arma.uasset" 355
"../../../Engine/Content/BasicShapes/BasicShapeMaterial.uasset" 356
"../../../Engine/Content/BasicShapes/Cylinder.uasset" 357
"D:/Documentos/Universidad/PLD/Pavilion/Content/Blueprints/GamePlayMode/Bandera.uasset" 358
"D:/Documentos/Universidad/PLD/Pavilion/Content/Blueprints/GamePlayMode/PlayerStart.uasset" 359
"D:/Documentos/Universidad/PLD/Pavilion/Content/Blueprints/GamePlayMode/SpawnBandera.uasset" 360
"D:/Documentos/Universidad/PLD/Pavilion/Content/Iconos/Partida/pistola.uasset" 361
"D:/Documentos/Universidad/PLD/Pavilion/Content/Iconos/Perfil/jellyfish.uasset" 362
"D:/Documentos/Universidad/PLD/Pavilion/Content/Interfaz/Gameplay/HUDPartida.uasset" 363
"D:/Documentos/Universidad/PLD/Pavilion/Content/Interfaz/Gameplay/hududud.uasset" 364
"D:/Documentos/Universidad/PLD/Pavilion/Content/Blueprints/GamePlayMode/GamePlayGM.uasset" 365
"D:/Documentos/Universidad/PLD/Pavilion/Content/Blueprints/Global/GameSave.uasset" 366
"D:/Documentos/Universidad/PLD/Pavilion/Content/Blueprints/GamePlayMode/DatosPersonaje.uasset" 367
"D:/Documentos/Universidad/PLD/Pavilion/Content/Blueprints/GamePlayMode/GamePlayPC.uasset" 368
"../../../Engine/Content/EditorBlueprintResources/ActorMacros.uasset" 369
"D:/Documentos/Universidad/PLD/Pavilion/Content/Iconos/Personajes/personaje1.uasset" 370
"D:/Documentos/Universidad/PLD/Pavilion/Content/Interfaz/Lobby/infoPersonaje.uasset" 371
"D:/Documentos/Universidad/PLD/Pavilion/Content/Interfaz/Lobby/EscogerPersonaje.uasset" 372
"D:/Documentos/Universidad/PLD/Pavilion/Content/Iconos/Mapas/forest.uasset" 373
"D:/Documentos/Universidad/PLD/Pavilion/Content/Iconos/Mapas/volcano.uasset" 374
"D:/Documentos/Universidad/PLD/Pavilion/Content/Interfaz/Lobby/botonJugador.uasset" 375
"D:/Documentos/Universidad/PLD/Pavilion/Content/Interfaz/Lobby/MenuOpciones.uasset" 376
"D:/Documentos/Universidad/PLD/Pavilion/Content/Interfaz/Lobby/MiembroEquipo.uasset" 377
"D:/Documentos/Universidad/PLD/Pavilion/Content/Interfaz/Lobby/MenuLobby.uasset" 378
"D:/Documentos/Universidad/PLD/Pavilion/Content/Interfaz/Lobby/PantallaDeCarga.uasset" 379
"D:/Documentos/Universidad/PLD/Pavilion/Content/Blueprints/Lobby/LobbyPC.uasset" 380
"D:/Documentos/Universidad/PLD/Pavilion/Content/Blueprints/Lobby/LobbyGM.uasset" 381
"../../../Engine/Content/Functions/Engine_MaterialFunctions02/Utility/BlendAngleCorrectedNormals.uasset" 382
"../../../Engine/Content/Functions/MaterialLayerFunctions/MatLayerBlend_AO.uasset" 383
"../../../Engine/Content/Functions/MaterialLayerFunctions/MatLayerBlend_NormalBlend.uasset" 384
"../../../Engine/Content/Functions/MaterialLayerFunctions/MatLayerBlend_Simple.uasset" 385
"D:/Documentos/Universidad/PLD/Pavilion/Content/Animations/Mannequin/Materials/MaterialLayers/T_ML_Rubber_Blue_01_D.uasset" 386
"D:/Documentos/Universidad/PLD/Pavilion/Content/Animations/Mannequin/Materials/MaterialLayers/T_ML_Rubber_Blue_01_N.uasset" 387
"D:/Documentos/Universidad/PLD/Pavilion/Content/Animations/Mannequin/Materials/MaterialLayers/ML_GlossyBlack_Latex_UE4.uasset" 388
"D:/Documentos/Universidad/PLD/Pavilion/Content/Animations/Mannequin/Materials/MaterialLayers/ML_Plastic_Shiny_Beige.uasset" 389
"D:/Documentos/Universidad/PLD/Pavilion/Content/Animations/Mannequin/Textures/UE4_LOGO_CARD.uasset" 390
"D:/Documentos/Universidad/PLD/Pavilion/Content/Animations/Mannequin/Materials/MaterialLayers/ML_Plastic_Shiny_Beige_LOGO.uasset" 391
"D:/Documentos/Universidad/PLD/Pavilion/Content/Animations/Mannequin/Materials/MaterialLayers/T_ML_Aluminum01.uasset" 392
"D:/Documentos/Universidad/PLD/Pavilion/Content/Animations/Mannequin/Materials/MaterialLayers/T_ML_Aluminum01_N.uasset" 393
"D:/Documentos/Universidad/PLD/Pavilion/Content/Animations/Mannequin/Materials/MaterialLayers/ML_SoftMetal_UE4.uasset" 394
"D:/Documentos/Universidad/PLD/Pavilion/Content/Animations/Mannequin/Textures/UE4_Mannequin__normals.uasset" 395
"D:/Documentos/Universidad/PLD/Pavilion/Content/Animations/Mannequin/Textures/UE4_Mannequin_MAT_MASKA.uasset" 396
"D:/Documentos/Universidad/PLD/Pavilion/Content/Animations/Mannequin/Textures/UE4_Mannequin_occlusion_Mobile.uasset" 397
"D:/Documentos/Universidad/PLD/Pavilion/Content/Animations/Mannequin/Materials/M_UE4Man_Body.uasset" 398
"D:/Documentos/Universidad/PLD/Pavilion/Content/Animations/Mannequin/Textures/UE4Man_Logo_N.uasset" 399
"D:/Documentos/Universidad/PLD/Pavilion/Content/Animations/Mannequin/Materials/M_UE4Man_ChestLogo.uasset" 400
"D:/Documentos/Universidad/PLD/Pavilion/Content/Animations/Mannequin/Mesh/SK_Mannequin_PhysicsAsset.uasset" 401
"D:/Documentos/Universidad/PLD/Pavilion/Content/Animations/Mannequin/Mesh/SK_Mannequin.uasset" 402
"D:/Documentos/Universidad/PLD/Pavilion/Content/FPS_Assault_Pack/Particles/Textures/T_Smoke_SubUV_2x2_ALB.uasset" 403
"D:/Documentos/Universidad/PLD/Pavilion/Content/FPS_Assault_Pack/Particles/Materials/M_Smoke_MASTER.uasset" 404
"../../../Engine/Content/Functions/Engine_MaterialFunctions01/Density/ExponentialDensity.uasset" 405
"../../../Engine/Content/Functions/Engine_MaterialFunctions01/Gradient/RadialGradientExponential.uasset" 406
"D:/Documentos/Universidad/PLD/Pavilion/Content/FPS_Assault_Pack/Particles/Materials/M_Spark.uasset" 407
"D:/Documentos/Universidad/PLD/Pavilion/Content/FPS_Assault_Pack/Particles/Textures/T_Muzzle_Warp_FMP.uasset" 408
"D:/Documentos/Universidad/PLD/Pavilion/Content/FPS_Assault_Pack/Particles/Textures/T_Muzzleflash_01_ALB.uasset" 409
"D:/Documentos/Universidad/PLD/Pavilion/Content/FPS_Assault_Pack/Particles/Materials/M_Muzzleflash_MASTER.uasset" 410
"D:/Documentos/Universidad/PLD/Pavilion/Content/FPS_Assault_Pack/Particles/Materials/M_Muzzleflash_01.uasset" 411
"D:/Documentos/Universidad/PLD/Pavilion/Content/FPS_Assault_Pack/Particles/Textures/T_CleanSmoke_ALB.uasset" 412
"D:/Documentos/Universidad/PLD/Pavilion/Content/FPS_Assault_Pack/Particles/Textures/T_Detailed_and_Dense_FMP.uasset" 413
"D:/Documentos/Universidad/PLD/Pavilion/Content/FPS_Assault_Pack/Particles/Textures/T_Detailed_FMP.uasset" 414
"D:/Documentos/Universidad/PLD/Pavilion/Content/FPS_Assault_Pack/Particles/Materials/M_Smoke_FlowMap_MASTER.uasset" 415
"D:/Documentos/Universidad/PLD/Pavilion/Content/FPS_Assault_Pack/Particles/Materials/M_Smoke_FlowMap_01.uasset" 416
"D:/Documentos/Universidad/PLD/Pavilion/Content/FPS_Assault_Pack/Particles/Emitters/Rifle/P_Rifle_Muzzleflash.uasset" 417
"D:/Documentos/Universidad/PLD/Pavilion/Content/Blueprints/GamePlayMode/Personajes/PersonajeBase.uasset" 418
"D:/Documentos/Universidad/PLD/Pavilion/Content/AbilityPack-TimeAndSpace/Blueprints/Components/AC_Dash.uasset" 419
"../../../Engine/Content/Functions/Engine_MaterialFunctions02/Math/Transform3x3Matrix.uasset" 420
"../../../Engine/Content/Functions/Engine_MaterialFunctions01/Texturing/DeriveTangentBasis.uasset" 421
"../../../Engine/Content/Functions/Engine_MaterialFunctions02/WorldPositionOffset/LocalPosition.uasset" 422
"../../../Engine/Content/Functions/Engine_MaterialFunctions02/WorldPositionOffset/ObjectScale.uasset" 423
"../../../Engine/Content/Functions/Engine_MaterialFunctions03/Math/RemapValueRange.uasset" 424
"D:/Documentos/Universidad/PLD/Pavilion/Content/Materiales/MaterialFunctions/MF_Bounce_Rough.uasset" 425
"D:/Documentos/Universidad/PLD/Pavilion/Content/Materiales/Textures/T_Imperfections_Dust_01_Mask.uasset" 426
"D:/Documentos/Universidad/PLD/Pavilion/Content/Materiales/Textures/T_Imperfections_FingerPrints_Mask2.uasset" 427
"D:/Documentos/Universidad/PLD/Pavilion/Content/Materiales/Textures/T_Imperfections_Stains_Mask.uasset" 428
"D:/Documentos/Universidad/PLD/Pavilion/Content/Materiales/Textures/T_Imperfections_Wipe_Mask.uasset" 429
"D:/Documentos/Universidad/PLD/Pavilion/Content/Materiales/MaterialFunctions/MF_Imperfections.uasset" 430
"D:/Documentos/Universidad/PLD/Pavilion/Content/Materiales/MaterialFunctions/MF_NormalStrength_WS.uasset" 431
"D:/Documentos/Universidad/PLD/Pavilion/Content/Materiales/MaterialFunctions/MF_Object_UVs.uasset" 432
"D:/Documentos/Universidad/PLD/Pavilion/Content/Materiales/MaterialFunctions/MF_Triplanar_Mask.uasset" 433
"D:/Documentos/Universidad/PLD/Pavilion/Content/Materiales/MaterialFunctions/MF_Triplanar_UVs.uasset" 434
"D:/Documentos/Universidad/PLD/Pavilion/Content/Materiales/MaterialFunctions/MF_UV.uasset" 435
"D:/Documentos/Universidad/PLD/Pavilion/Content/Materiales/Textures/T_Flat_Normal.uasset" 436
"D:/Documentos/Universidad/PLD/Pavilion/Content/Materiales/Textures/T_Gray_Linear.uasset" 437
"D:/Documentos/Universidad/PLD/Pavilion/Content/Materiales/Textures/T_White_Color.uasset" 438
"D:/Documentos/Universidad/PLD/Pavilion/Content/Materiales/Masters/M_Opaque_Master.uasset" 439
"D:/Documentos/Universidad/PLD/Pavilion/Content/Materiales/Textures/T_Plastic_Polypropylene_BC.uasset" 440
"D:/Documentos/Universidad/PLD/Pavilion/Content/Materiales/Textures/T_Plastic_Polypropylene_N.uasset" 441
"D:/Documentos/Universidad/PLD/Pavilion/Content/Materiales/Textures/T_Plastic_Polypropylene_R.uasset" 442
"D:/Documentos/Universidad/PLD/Pavilion/Content/Materiales/MI_Plastic_Polypropylene.uasset" 443
"D:/Documentos/Universidad/PLD/Pavilion/Content/Blueprints/GamePlayMode/Personajes/Asalto.uasset" 444
"D:/Documentos/Universidad/PLD/Pavilion/Content/Materiales/Textures/T_Plastic_Polyvinyl_Carbonate_BC.uasset" 445
"D:/Documentos/Universidad/PLD/Pavilion/Content/Materiales/Textures/T_Plastic_Polyvinyl_Carbonate_N.uasset" 446
"D:/Documentos/Universidad/PLD/Pavilion/Content/Materiales/Textures/T_Plastic_Polyvinyl_Carbonate_R.uasset" 447
"D:/Documentos/Universidad/PLD/Pavilion/Content/Materiales/MI_Plastic_Polyviny_Carbonate.uasset" 448
"D:/Documentos/Universidad/PLD/Pavilion/Content/Blueprints/GamePlayMode/Personajes/Especialista.uasset" 449
"D:/Documentos/Universidad/PLD/Pavilion/Content/Materiales/Textures/T_Plastic_Polyvinyl_BC.uasset" 450
"D:/Documentos/Universidad/PLD/Pavilion/Content/Materiales/Textures/T_Plastic_Polyvinyl_N.uasset" 451
"D:/Documentos/Universidad/PLD/Pavilion/Content/Materiales/Textures/T_Plastic_Polyvinyl_R.uasset" 452
"D:/Documentos/Universidad/PLD/Pavilion/Content/Materiales/MI_Plastic_Polyvinyl.uasset" 453
"D:/Documentos/Universidad/PLD/Pavilion/Content/Blueprints/GamePlayMode/Personajes/Proteccion.uasset" 454
"D:/Documentos/Universidad/PLD/Pavilion/Content/Iconos/Partida/escopeta.uasset" 455
"D:/Documentos/Universidad/PLD/Pavilion/Content/Iconos/Partida/francotirador.uasset" 456
"D:/Documentos/Universidad/PLD/Pavilion/Content/Iconos/Perfil/parrot-head.uasset" 457
"D:/Documentos/Universidad/PLD/Pavilion/Content/Iconos/Perfil/sniffing-dog.uasset" 458
"D:/Documentos/Universidad/PLD/Pavilion/Content/Iconos/Perfil/wolf-howl__1_.uasset" 459
"D:/Documentos/Universidad/PLD/Pavilion/Content/Iconos/Personajes/personaje2.uasset" 460
"D:/Documentos/Universidad/PLD/Pavilion/Content/Iconos/Personajes/personaje3.uasset" 461
"D:/Documentos/Universidad/PLD/Pavilion/Content/Interfaz/CrearPartida/MenuHost.uasset" 462
"D:/Documentos/Universidad/PLD/Pavilion/Content/Interfaz/CrearPartida/MenuPrincipal.uasset" 463
"D:/Documentos/Universidad/PLD/Pavilion/Content/Interfaz/CrearPartida/MenuServer.uasset" 464
"D:/Documentos/Universidad/PLD/Pavilion/Content/Iconos/UI/close.uasset" 465
"D:/Documentos/Universidad/PLD/Pavilion/Content/Interfaz/General/Alert.uasset" 466
"D:/Documentos/Universidad/PLD/Pavilion/Content/Iconos/UI/enter.uasset" 467
"D:/Documentos/Universidad/PLD/Pavilion/Content/Interfaz/General/Registro.uasset" 468
"D:/Documentos/Universidad/PLD/Pavilion/Content/Interfaz/General/LogIn.uasset" 469
"D:/Documentos/Universidad/PLD/Pavilion/Content/Blueprints/Global/PavilionGameInstance.uasset" 470
"D:/Documentos/Universidad/PLD/Pavilion/Content/MyGameInstance.uasset" 471
"../../../Engine/Content/Animation/DefaultAnimCurveCompressionSettings.uasset" 472
"../../Plugins/2D/Paper2D/Content/PlaceholderTextures/DummySpriteTexture.uasset" 473
"../../Plugins/2D/Paper2D/Content/DummySprite.uasset" 474
"../../Plugins/2D/Paper2D/Content/DefaultPaperTerrainMaterial.uasset" 475
"../../Plugins/2D/Paper2D/Content/DefaultSpriteMaterial.uasset" 476
"../../Plugins/2D/Paper2D/Content/MaskedUnlitSpriteMaterial.uasset" 477
"../../Plugins/2D/Paper2D/Content/OpaqueUnlitSpriteMaterial.uasset" 478
"../../../Engine/Content/Functions/Engine_MaterialFunctions02/Utility/BreakOutFloat4Components.uasset" 479
"../../Plugins/Runtime/Oculus/OculusVR/Content/Materials/OculusMR_ChromaKey.uasset" 480
"../../Plugins/Runtime/Oculus/OculusVR/Content/Materials/OculusMR_ChromaKey_Lit.uasset" 481
"../../Plugins/Runtime/Oculus/OculusVR/Content/Materials/OculusMR_OpaqueColoredMaterial.uasset" 482
"../../Plugins/Runtime/Oculus/OculusVR/Content/Materials/OculusMR_WhiteMaterial.uasset" 483
"../../../Engine/Content/EngineSky/C_Sky_Cloud_Color.uasset" 484
"../../../Engine/Content/EngineSky/C_Sky_Horizon_Color.uasset" 485
"../../../Engine/Content/EngineSky/C_Sky_Zenith_Color.uasset" 486
"../../../Engine/Content/EngineSky/T_Sky_Blue.uasset" 487
"../../../Engine/Content/EngineSky/T_Sky_Clouds_M.uasset" 488
"../../../Engine/Content/EngineSky/T_Sky_Stars.uasset" 489
"../../../Engine/Content/EngineSky/M_Sky_Panning_Clouds2.uasset" 490
"../../../Engine/Content/EngineSky/SM_SkySphere.uasset" 491
"../../../Engine/Content/EngineSky/BP_Sky_Sphere.uasset" 492
"D:/Documentos/Universidad/PLD/Pavilion/Content/Maps/Lobby_BuiltData.uasset" 493
"../../../Engine/Content/MapTemplates/SM_Template_Map_Floor.uasset" 494
"D:/Documentos/Universidad/PLD/Pavilion/Content/Maps/Lobby.umap" 495
"D:/Documentos/Universidad/PLD/Pavilion/Content/Blueprints/MenuPrincipal/MainMenuPC.uasset" 496
"D:/Documentos/Universidad/PLD/Pavilion/Content/Blueprints/MenuPrincipal/MainMenuGM.uasset" 497
"D:/Documentos/Universidad/PLD/Pavilion/Content/Maps/Login.umap" 498
"D:/Documentos/Universidad/PLD/Pavilion/Content/Blueprints/GamePlayMode/Base.uasset" 499
"D:/Documentos/Universidad/PLD/Pavilion/Content/Maps/Mapa1_BuiltData.uasset" 500
"D:/Documentos/Universidad/PLD/Pavilion/Content/Maps/Mapa1.umap" 501
"D:/Documentos/Universidad/PLD/Pavilion/Content/Maps/Transicion.umap" 502
